<?xml version="1.0" encoding="UTF-8"?>
<!-- Generated by org.testng.reporters.JUnitXMLReporter -->
<testsuite hostname="DESKTOP-J74U1DK" ignored="0" name="Test" tests="4" failures="0" timestamp="20 Nov 2021 15:41:13 GMT" time="55.757" errors="0">
  <testcase name="Launch_Test" time="27.304" classname="Maven.HandsOn.LauchBrowser"/>
  <testcase name="Launch_Test" time="9.465" classname="Maven.HandsOn.LauchBrowser2"/>
  <testcase name="Launch_Test" time="9.952" classname="Maven.HandsOn.LauchBrowser3"/>
  <testcase name="Launch_Test" time="8.992" classname="Maven.HandsOn.LauchBrowser4"/>
</testsuite> <!-- Test -->
