<?xml version="1.0" encoding="UTF-8"?>
<testsuite xmlns:xsi="http://www.w3.org/2001/XMLSchema-instance" xsi:noNamespaceSchemaLocation="https://maven.apache.org/surefire/maven-surefire-plugin/xsd/surefire-test-report.xsd" name="TestSuite" time="58.796" tests="4" errors="0" skipped="0" failures="0">
  <properties>
[...]
</properties>
  <testcase name="Launch_Test" classname="Maven.HandsOn.LauchBrowser" time="27.308"/>
  <testcase name="Launch_Test" classname="Maven.HandsOn.LauchBrowser2" time="9.464"/>
  <testcase name="Launch_Test" classname="Maven.HandsOn.LauchBrowser3" time="9.952"/>
  <testcase name="Launch_Test" classname="Maven.HandsOn.LauchBrowser4" time="8.994"/>
</testsuite>