<?xml version="1.0" encoding="UTF-8"?>
<testng-results ignored="0" total="2" passed="2" failed="0" skipped="0">
  <reporter-output>
  </reporter-output>
  <suite started-at="2021-11-20T07:51:11Z" name="Suite" finished-at="2021-11-20T07:51:32Z" duration-ms="20884">
    <groups>
    </groups>
    <test started-at="2021-11-20T07:51:11Z" name="Test" finished-at="2021-11-20T07:51:32Z" duration-ms="20884">
      <class name="Maven.HandsOn.LauchBrowser2">
        <test-method signature="Launch_Test()[pri:0, instance:Maven.HandsOn.LauchBrowser2@50de186c]" started-at="2021-11-20T07:51:22Z" name="Launch_Test" finished-at="2021-11-20T07:51:32Z" duration-ms="9923" status="PASS">
          <reporter-output>
          </reporter-output>
        </test-method> <!-- Launch_Test -->
      </class> <!-- Maven.HandsOn.LauchBrowser2 -->
      <class name="Maven.HandsOn.LauchBrowser">
        <test-method signature="Launch_Test()[pri:0, instance:Maven.HandsOn.LauchBrowser@345f69f3]" started-at="2021-11-20T07:51:11Z" name="Launch_Test" finished-at="2021-11-20T07:51:22Z" duration-ms="10917" status="PASS">
          <reporter-output>
          </reporter-output>
        </test-method> <!-- Launch_Test -->
      </class> <!-- Maven.HandsOn.LauchBrowser -->
    </test> <!-- Test -->
  </suite> <!-- Suite -->
</testng-results>
